<?xml version="1.0" encoding="UTF-8"?>
<!-- Generated by org.testng.reporters.JUnitReportReporter -->
<testsuite skipped="0" hostname="DESKTOP-8EQSD1V" name="com.qa.Testcases.HomePageTest" tests="8" failures="0" timestamp="06 Oct 2021 15:41:27 GMT" time="91.242" errors="0">
  <testcase name="ValidateHomePageTitleTest" time="9.858" classname="com.qa.Testcases.HomePageTest"/>
  <testcase name="ValidateHomePageLogoTest" time="4.958" classname="com.qa.Testcases.HomePageTest"/>
  <testcase name="ValidateHomePageSignInTest" time="10.909" classname="com.qa.Testcases.HomePageTest"/>
  <testcase name="ValidateHomePageRegisterTest" time="13.400" classname="com.qa.Testcases.HomePageTest"/>
  <testcase name="ValidateHomePageDailyDealsTest" time="10.935" classname="com.qa.Testcases.HomePageTest"/>
  <testcase name="ValidateHomePageContactTest" time="11.374" classname="com.qa.Testcases.HomePageTest"/>
  <testcase name="ValidateHomePageSellTest" time="10.747" classname="com.qa.Testcases.HomePageTest"/>
  <testcase name="ValidateHomePageMayeBayTest" time="19.061" classname="com.qa.Testcases.HomePageTest"/>
</testsuite> <!-- com.qa.Testcases.HomePageTest -->
